<?xml version="1.0" encoding="UTF-8"?>
<testsuite name="com.todo.task.application.ApplicationTests" tests="1" skipped="0" failures="0" errors="0" timestamp="2024-08-29T13:35:44" hostname="fadli-m1-pro.local" time="0.384">
  <properties/>
  <testcase name="contextLoads()" classname="com.todo.task.application.ApplicationTests" time="0.384"/>
  <system-out><![CDATA[20:35:41.797 [Test worker] INFO org.springframework.test.context.support.AnnotationConfigContextLoaderUtils -- Could not detect default configuration classes for test class [com.todo.task.application.ApplicationTests]: ApplicationTests does not declare any static, non-private, non-final, nested classes annotated with @Configuration.
20:35:41.862 [Test worker] INFO org.springframework.boot.test.context.SpringBootTestContextBootstrapper -- Found @SpringBootConfiguration com.todo.task.application.Application for test class com.todo.task.application.ApplicationTests

  .   ____          _            __ _ _
 /\\ / ___'_ __ _ _(_)_ __  __ _ \ \ \ \
( ( )\___ | '_ | '_| | '_ \/ _` | \ \ \ \
 \\/  ___)| |_)| | | | | || (_| |  ) ) ) )
  '  |____| .__|_| |_|_| |_\__, | / / / /
 =========|_|==============|___/=/_/_/_/

 :: Spring Boot ::                (v3.3.3)

2024-08-29T20:35:42.127+07:00  INFO 41896 --- [task.application] [    Test worker] c.t.task.application.ApplicationTests    : Starting ApplicationTests using Java 22.0.2 with PID 41896 (started by fadli in /Users/fadli/Documents/mywork/java/todo-application)
2024-08-29T20:35:42.128+07:00  INFO 41896 --- [task.application] [    Test worker] c.t.task.application.ApplicationTests    : No active profile set, falling back to 1 default profile: "default"
2024-08-29T20:35:42.484+07:00  INFO 41896 --- [task.application] [    Test worker] .s.d.r.c.RepositoryConfigurationDelegate : Bootstrapping Spring Data JPA repositories in DEFAULT mode.
2024-08-29T20:35:42.514+07:00  INFO 41896 --- [task.application] [    Test worker] .s.d.r.c.RepositoryConfigurationDelegate : Finished Spring Data repository scanning in 25 ms. Found 1 JPA repository interface.
2024-08-29T20:35:42.780+07:00  INFO 41896 --- [task.application] [    Test worker] o.hibernate.jpa.internal.util.LogHelper  : HHH000204: Processing PersistenceUnitInfo [name: default]
2024-08-29T20:35:42.812+07:00  INFO 41896 --- [task.application] [    Test worker] org.hibernate.Version                    : HHH000412: Hibernate ORM core version 6.5.2.Final
2024-08-29T20:35:42.831+07:00  INFO 41896 --- [task.application] [    Test worker] o.h.c.internal.RegionFactoryInitiator    : HHH000026: Second-level cache disabled
2024-08-29T20:35:43.015+07:00  INFO 41896 --- [task.application] [    Test worker] o.s.o.j.p.SpringPersistenceUnitInfo      : No LoadTimeWeaver setup: ignoring JPA class transformer
2024-08-29T20:35:43.031+07:00  INFO 41896 --- [task.application] [    Test worker] com.zaxxer.hikari.HikariDataSource       : HikariPool-1 - Starting...
2024-08-29T20:35:43.137+07:00  INFO 41896 --- [task.application] [    Test worker] com.zaxxer.hikari.pool.HikariPool        : HikariPool-1 - Added connection com.mysql.cj.jdbc.ConnectionImpl@4a4b288a
2024-08-29T20:35:43.138+07:00  INFO 41896 --- [task.application] [    Test worker] com.zaxxer.hikari.HikariDataSource       : HikariPool-1 - Start completed.
2024-08-29T20:35:43.166+07:00  WARN 41896 --- [task.application] [    Test worker] org.hibernate.dialect.Dialect            : HHH000511: The 5.5.5 version for [org.hibernate.dialect.MySQLDialect] is no longer supported, hence certain features may not work properly. The minimum supported version is 8.0.0. Check the community dialects project for available legacy versions.
2024-08-29T20:35:43.169+07:00  WARN 41896 --- [task.application] [    Test worker] org.hibernate.orm.deprecation            : HHH90000025: MySQLDialect does not need to be specified explicitly using 'hibernate.dialect' (remove the property setting and it will be selected by default)
2024-08-29T20:35:43.666+07:00  INFO 41896 --- [task.application] [    Test worker] o.h.e.t.j.p.i.JtaPlatformInitiator       : HHH000489: No JTA platform available (set 'hibernate.transaction.jta.platform' to enable JTA platform integration)
2024-08-29T20:35:43.697+07:00  INFO 41896 --- [task.application] [    Test worker] j.LocalContainerEntityManagerFactoryBean : Initialized JPA EntityManagerFactory for persistence unit 'default'
2024-08-29T20:35:43.986+07:00  WARN 41896 --- [task.application] [    Test worker] JpaBaseConfiguration$JpaWebConfiguration : spring.jpa.open-in-view is enabled by default. Therefore, database queries may be performed during view rendering. Explicitly configure spring.jpa.open-in-view to disable this warning
2024-08-29T20:35:44.231+07:00  INFO 41896 --- [task.application] [    Test worker] c.t.task.application.ApplicationTests    : Started ApplicationTests in 2.283 seconds (process running for 2.99)
]]></system-out>
  <system-err><![CDATA[WARNING: A Java agent has been loaded dynamically (/Users/fadli/.gradle/caches/modules-2/files-2.1/net.bytebuddy/byte-buddy-agent/1.14.19/154da3a65b4f4a909d3e5bdec55d1b2b4cbb6ce1/byte-buddy-agent-1.14.19.jar)
WARNING: If a serviceability tool is in use, please run with -XX:+EnableDynamicAgentLoading to hide this warning
WARNING: If a serviceability tool is not in use, please run with -Djdk.instrument.traceUsage for more information
WARNING: Dynamic loading of agents will be disallowed by default in a future release
]]></system-err>
</testsuite>
